# JRE version: OpenJDK Runtime Environment Temurin-21.0.10+7 (21.0.10+7) (build 21.0.10+7-LTS)
# Java VM: OpenJDK 64-Bit Server VM Temurin-21.0.10+7 (21.0.10+7-LTS, mixed mode, sharing, tiered, compressed oops, compressed class ptrs, parallel gc, windows-amd64)
GC Precious Log:
 CardTable entry size: 512
 CPUs: 8 total, 8 available
 Memory: 16221M
 Large Page Support: Disabled
 NUMA Support: Disabled
 Compressed Oops: Enabled (32-bit)
 Alignments: Space 512K, Generation 512K, Heap 2M
 Heap Min Capacity: 100M
 Heap Initial Capacity: 100M
 Heap Max Capacity: 1G
 Pre-touch: Disabled
 Parallel Workers: 8
Heap:
 PSYoungGen      total 3584K, used 2184K [0x00000000eab00000, 0x00000000eaf80000, 0x0000000100000000)
  eden space 3072K, 63% used [0x00000000eab00000,0x00000000eacea238,0x00000000eae00000)
  from space 512K, 43% used [0x00000000eae80000,0x00000000eaeb8000,0x00000000eaf00000)
  to   space 512K, 0% used [0x00000000eaf00000,0x00000000eaf00000,0x00000000eaf80000)
 ParOldGen       total 160256K, used 146265K [0x00000000c0000000, 0x00000000c9c80000, 0x00000000eab00000)
  object space 160256K, 91% used [0x00000000c0000000,0x00000000c8ed6538,0x00000000c9c80000)
 Metaspace       used 80991K, committed 82432K, reserved 1179648K
  class space    used 8352K, committed 8960K, reserved 1048576K
GC Heap History (20 events):
Event: 12547.769 GC heap before
{Heap before GC invocations=376 (full 4):
 PSYoungGen      total 3584K, used 3212K [0x00000000eab00000, 0x00000000eaf80000, 0x0000000100000000)
  eden space 3072K, 99% used [0x00000000eab00000,0x00000000eadfb1d0,0x00000000eae00000)
  from space 512K, 31% used [0x00000000eae80000,0x00000000eaea8000,0x00000000eaf00000)
  to   space 512K, 0% used [0x00000000eaf00000,0x00000000eaf00000,0x00000000eaf80000)
 ParOldGen       total 160256K, used 145761K [0x00000000c0000000, 0x00000000c9c80000, 0x00000000eab00000)
  object space 160256K, 90% used [0x00000000c0000000,0x00000000c8e58538,0x00000000c9c80000)
 Metaspace       used 80950K, committed 82368K, reserved 1179648K
  class space    used 8348K, committed 8960K, reserved 1048576K
}
Event: 12547.770 GC heap after
{Heap after GC invocations=376 (full 4):
 PSYoungGen      total 3584K, used 128K [0x00000000eab00000, 0x00000000eaf80000, 0x0000000100000000)
  eden space 3072K, 0% used [0x00000000eab00000,0x00000000eab00000,0x00000000eae00000)
  from space 512K, 25% used [0x00000000eaf00000,0x00000000eaf20000,0x00000000eaf80000)
  to   space 512K, 0% used [0x00000000eae80000,0x00000000eae80000,0x00000000eaf00000)
 ParOldGen       total 160256K, used 145825K [0x00000000c0000000, 0x00000000c9c80000, 0x00000000eab00000)
  object space 160256K, 90% used [0x00000000c0000000,0x00000000c8e68538,0x00000000c9c80000)
 Metaspace       used 80950K, committed 82368K, reserved 1179648K
  class space    used 8348K, committed 8960K, reserved 1048576K
}
Event: 12547.800 GC heap before
{Heap before GC invocations=377 (full 4):
 PSYoungGen      total 3584K, used 3160K [0x00000000eab00000, 0x00000000eaf80000, 0x0000000100000000)
  eden space 3072K, 98% used [0x00000000eab00000,0x00000000eadf6350,0x00000000eae00000)
  from space 512K, 25% used [0x00000000eaf00000,0x00000000eaf20000,0x00000000eaf80000)
  to   space 512K, 0% used [0x00000000eae80000,0x00000000eae80000,0x00000000eaf00000)
 ParOldGen       total 160256K, used 145825K [0x00000000c0000000, 0x00000000c9c80000, 0x00000000eab00000)
  object space 160256K, 90% used [0x00000000c0000000,0x00000000c8e68538,0x00000000c9c80000)
 Metaspace       used 80950K, committed 82368K, reserved 1179648K
  class space    used 8348K, committed 8960K, reserved 1048576K
}
Event: 12547.801 GC heap after
{Heap after GC invocations=377 (full 4):
 PSYoungGen      total 3584K, used 128K [0x00000000eab00000, 0x00000000eaf80000, 0x0000000100000000)
  eden space 3072K, 0% used [0x00000000eab00000,0x00000000eab00000,0x00000000eae00000)
  from space 512K, 25% used [0x00000000eae80000,0x00000000eaea0000,0x00000000eaf00000)
  to   space 512K, 0% used [0x00000000eaf00000,0x00000000eaf00000,0x00000000eaf80000)
 ParOldGen       total 160256K, used 145865K [0x00000000c0000000, 0x00000000c9c80000, 0x00000000eab00000)
  object space 160256K, 91% used [0x00000000c0000000,0x00000000c8e72538,0x00000000c9c80000)
 Metaspace       used 80950K, committed 82368K, reserved 1179648K
  class space    used 8348K, committed 8960K, reserved 1048576K
}
Event: 12547.821 GC heap before
{Heap before GC invocations=378 (full 4):
 PSYoungGen      total 3584K, used 3200K [0x00000000eab00000, 0x00000000eaf80000, 0x0000000100000000)
  eden space 3072K, 100% used [0x00000000eab00000,0x00000000eae00000,0x00000000eae00000)
  from space 512K, 25% used [0x00000000eae80000,0x00000000eaea0000,0x00000000eaf00000)
  to   space 512K, 0% used [0x00000000eaf00000,0x00000000eaf00000,0x00000000eaf80000)
 ParOldGen       total 160256K, used 145865K [0x00000000c0000000, 0x00000000c9c80000, 0x00000000eab00000)
  object space 160256K, 91% used [0x00000000c0000000,0x00000000c8e72538,0x00000000c9c80000)
 Metaspace       used 80951K, committed 82368K, reserved 1179648K
  class space    used 8348K, committed 8960K, reserved 1048576K
}
Event: 12547.822 GC heap after
{Heap after GC invocations=378 (full 4):
 PSYoungGen      total 3584K, used 256K [0x00000000eab00000, 0x00000000eaf80000, 0x0000000100000000)
  eden space 3072K, 0% used [0x00000000eab00000,0x00000000eab00000,0x00000000eae00000)
  from space 512K, 50% used [0x00000000eaf00000,0x00000000eaf40000,0x00000000eaf80000)
  to   space 512K, 0% used [0x00000000eae80000,0x00000000eae80000,0x00000000eaf00000)
 ParOldGen       total 160256K, used 145905K [0x00000000c0000000, 0x00000000c9c80000, 0x00000000eab00000)
  object space 160256K, 91% used [0x00000000c0000000,0x00000000c8e7c538,0x00000000c9c80000)
 Metaspace       used 80951K, committed 82368K, reserved 1179648K
  class space    used 8348K, committed 8960K, reserved 1048576K
}
Event: 12547.852 GC heap before
{Heap before GC invocations=379 (full 4):
 PSYoungGen      total 3584K, used 3268K [0x00000000eab00000, 0x00000000eaf80000, 0x0000000100000000)
  eden space 3072K, 98% used [0x00000000eab00000,0x00000000eadf11a0,0x00000000eae00000)
  from space 512K, 50% used [0x00000000eaf00000,0x00000000eaf40000,0x00000000eaf80000)
  to   space 512K, 0% used [0x00000000eae80000,0x00000000eae80000,0x00000000eaf00000)
 ParOldGen       total 160256K, used 145905K [0x00000000c0000000, 0x00000000c9c80000, 0x00000000eab00000)
  object space 160256K, 91% used [0x00000000c0000000,0x00000000c8e7c538,0x00000000c9c80000)
 Metaspace       used 80953K, committed 82368K, reserved 1179648K
  class space    used 8348K, committed 8960K, reserved 1048576K
}
Event: 12547.853 GC heap after
{Heap after GC invocations=379 (full 4):
 PSYoungGen      total 3584K, used 192K [0x00000000eab00000, 0x00000000eaf80000, 0x0000000100000000)
  eden space 3072K, 0% used [0x00000000eab00000,0x00000000eab00000,0x00000000eae00000)
  from space 512K, 37% used [0x00000000eae80000,0x00000000eaeb0000,0x00000000eaf00000)
  to   space 512K, 0% used [0x00000000eaf00000,0x00000000eaf00000,0x00000000eaf80000)
 ParOldGen       total 160256K, used 145953K [0x00000000c0000000, 0x00000000c9c80000, 0x00000000eab00000)
  object space 160256K, 91% used [0x00000000c0000000,0x00000000c8e88538,0x00000000c9c80000)
 Metaspace       used 80953K, committed 82368K, reserved 1179648K
  class space    used 8348K, committed 8960K, reserved 1048576K
}
Event: 12547.883 GC heap before
{Heap before GC invocations=380 (full 4):
 PSYoungGen      total 3584K, used 3215K [0x00000000eab00000, 0x00000000eaf80000, 0x0000000100000000)
  eden space 3072K, 98% used [0x00000000eab00000,0x00000000eadf3c28,0x00000000eae00000)
  from space 512K, 37% used [0x00000000eae80000,0x00000000eaeb0000,0x00000000eaf00000)
  to   space 512K, 0% used [0x00000000eaf00000,0x00000000eaf00000,0x00000000eaf80000)
 ParOldGen       total 160256K, used 145953K [0x00000000c0000000, 0x00000000c9c80000, 0x00000000eab00000)
  object space 160256K, 91% used [0x00000000c0000000,0x00000000c8e88538,0x00000000c9c80000)
 Metaspace       used 80953K, committed 82368K, reserved 1179648K
  class space    used 8348K, committed 8960K, reserved 1048576K
}
Event: 12547.884 GC heap after
{Heap after GC invocations=380 (full 4):
 PSYoungGen      total 3584K, used 192K [0x00000000eab00000, 0x00000000eaf80000, 0x0000000100000000)
  eden space 3072K, 0% used [0x00000000eab00000,0x00000000eab00000,0x00000000eae00000)
  from space 512K, 37% used [0x00000000eaf00000,0x00000000eaf30000,0x00000000eaf80000)
  to   space 512K, 0% used [0x00000000eae80000,0x00000000eae80000,0x00000000eaf00000)
 ParOldGen       total 160256K, used 146001K [0x00000000c0000000, 0x00000000c9c80000, 0x00000000eab00000)
  object space 160256K, 91% used [0x00000000c0000000,0x00000000c8e94538,0x00000000c9c80000)
 Metaspace       used 80953K, committed 82368K, reserved 1179648K
  class space    used 8348K, committed 8960K, reserved 1048576K
}
Event: 12547.905 GC heap before
{Heap before GC invocations=381 (full 4):
 PSYoungGen      total 3584K, used 3207K [0x00000000eab00000, 0x00000000eaf80000, 0x0000000100000000)
  eden space 3072K, 98% used [0x00000000eab00000,0x00000000eadf1f28,0x00000000eae00000)
  from space 512K, 37% used [0x00000000eaf00000,0x00000000eaf30000,0x00000000eaf80000)
  to   space 512K, 0% used [0x00000000eae80000,0x00000000eae80000,0x00000000eaf00000)
 ParOldGen       total 160256K, used 146001K [0x00000000c0000000, 0x00000000c9c80000, 0x00000000eab00000)
  object space 160256K, 91% used [0x00000000c0000000,0x00000000c8e94538,0x00000000c9c80000)
 Metaspace       used 80955K, committed 82432K, reserved 1179648K
  class space    used 8348K, committed 8960K, reserved 1048576K
}
Event: 12547.907 GC heap after
{Heap after GC invocations=381 (full 4):
 PSYoungGen      total 3584K, used 192K [0x00000000eab00000, 0x00000000eaf80000, 0x0000000100000000)
  eden space 3072K, 0% used [0x00000000eab00000,0x00000000eab00000,0x00000000eae00000)
  from space 512K, 37% used [0x00000000eae80000,0x00000000eaeb0000,0x00000000eaf00000)
  to   space 512K, 0% used [0x00000000eaf00000,0x00000000eaf00000,0x00000000eaf80000)
 ParOldGen       total 160256K, used 146065K [0x00000000c0000000, 0x00000000c9c80000, 0x00000000eab00000)
  object space 160256K, 91% used [0x00000000c0000000,0x00000000c8ea4538,0x00000000c9c80000)
 Metaspace       used 80955K, committed 82432K, reserved 1179648K
  class space    used 8348K, committed 8960K, reserved 1048576K
}
Event: 12547.936 GC heap before
{Heap before GC invocations=382 (full 4):
 PSYoungGen      total 3584K, used 3196K [0x00000000eab00000, 0x00000000eaf80000, 0x0000000100000000)
  eden space 3072K, 97% used [0x00000000eab00000,0x00000000eadef2c0,0x00000000eae00000)
  from space 512K, 37% used [0x00000000eae80000,0x00000000eaeb0000,0x00000000eaf00000)
  to   space 512K, 0% used [0x00000000eaf00000,0x00000000eaf00000,0x00000000eaf80000)
 ParOldGen       total 160256K, used 146065K [0x00000000c0000000, 0x00000000c9c80000, 0x00000000eab00000)
  object space 160256K, 91% used [0x00000000c0000000,0x00000000c8ea4538,0x00000000c9c80000)
 Metaspace       used 80960K, committed 82432K, reserved 1179648K
  class space    used 8348K, committed 8960K, reserved 1048576K
}
Event: 12547.938 GC heap after
{Heap after GC invocations=382 (full 4):
 PSYoungGen      total 3584K, used 160K [0x00000000eab00000, 0x00000000eaf80000, 0x0000000100000000)
  eden space 3072K, 0% used [0x00000000eab00000,0x00000000eab00000,0x00000000eae00000)
  from space 512K, 31% used [0x00000000eaf00000,0x00000000eaf28000,0x00000000eaf80000)
  to   space 512K, 0% used [0x00000000eae80000,0x00000000eae80000,0x00000000eaf00000)
 ParOldGen       total 160256K, used 146113K [0x00000000c0000000, 0x00000000c9c80000, 0x00000000eab00000)
  object space 160256K, 91% used [0x00000000c0000000,0x00000000c8eb0538,0x00000000c9c80000)
 Metaspace       used 80960K, committed 82432K, reserved 1179648K
  class space    used 8348K, committed 8960K, reserved 1048576K
}
Event: 12547.966 GC heap before
{Heap before GC invocations=383 (full 4):
 PSYoungGen      total 3584K, used 3181K [0x00000000eab00000, 0x00000000eaf80000, 0x0000000100000000)
  eden space 3072K, 98% used [0x00000000eab00000,0x00000000eadf36a0,0x00000000eae00000)
  from space 512K, 31% used [0x00000000eaf00000,0x00000000eaf28000,0x00000000eaf80000)
  to   space 512K, 0% used [0x00000000eae80000,0x00000000eae80000,0x00000000eaf00000)
 ParOldGen       total 160256K, used 146113K [0x00000000c0000000, 0x00000000c9c80000, 0x00000000eab00000)
  object space 160256K, 91% used [0x00000000c0000000,0x00000000c8eb0538,0x00000000c9c80000)
 Metaspace       used 80962K, committed 82432K, reserved 1179648K
  class space    used 8348K, committed 8960K, reserved 1048576K
}
Event: 12547.967 GC heap after
{Heap after GC invocations=383 (full 4):
 PSYoungGen      total 3584K, used 192K [0x00000000eab00000, 0x00000000eaf80000, 0x0000000100000000)
  eden space 3072K, 0% used [0x00000000eab00000,0x00000000eab00000,0x00000000eae00000)
  from space 512K, 37% used [0x00000000eae80000,0x00000000eaeb0000,0x00000000eaf00000)
  to   space 512K, 0% used [0x00000000eaf00000,0x00000000eaf00000,0x00000000eaf80000)
 ParOldGen       total 160256K, used 146153K [0x00000000c0000000, 0x00000000c9c80000, 0x00000000eab00000)
  object space 160256K, 91% used [0x00000000c0000000,0x00000000c8eba538,0x00000000c9c80000)
 Metaspace       used 80962K, committed 82432K, reserved 1179648K
  class space    used 8348K, committed 8960K, reserved 1048576K
}
Event: 12547.991 GC heap before
{Heap before GC invocations=384 (full 4):
 PSYoungGen      total 3584K, used 3207K [0x00000000eab00000, 0x00000000eaf80000, 0x0000000100000000)
  eden space 3072K, 98% used [0x00000000eab00000,0x00000000eadf1d00,0x00000000eae00000)
  from space 512K, 37% used [0x00000000eae80000,0x00000000eaeb0000,0x00000000eaf00000)
  to   space 512K, 0% used [0x00000000eaf00000,0x00000000eaf00000,0x00000000eaf80000)
 ParOldGen       total 160256K, used 146153K [0x00000000c0000000, 0x00000000c9c80000, 0x00000000eab00000)
  object space 160256K, 91% used [0x00000000c0000000,0x00000000c8eba538,0x00000000c9c80000)
 Metaspace       used 80966K, committed 82432K, reserved 1179648K
  class space    used 8348K, committed 8960K, reserved 1048576K
}
Event: 12548.020 GC heap after
{Heap after GC invocations=384 (full 4):
 PSYoungGen      total 3584K, used 128K [0x00000000eab00000, 0x00000000eaf80000, 0x0000000100000000)
  eden space 3072K, 0% used [0x00000000eab00000,0x00000000eab00000,0x00000000eae00000)
  from space 512K, 25% used [0x00000000eaf00000,0x00000000eaf20000,0x00000000eaf80000)
  to   space 512K, 0% used [0x00000000eae80000,0x00000000eae80000,0x00000000eaf00000)
 ParOldGen       total 160256K, used 146209K [0x00000000c0000000, 0x00000000c9c80000, 0x00000000eab00000)
  object space 160256K, 91% used [0x00000000c0000000,0x00000000c8ec8538,0x00000000c9c80000)
 Metaspace       used 80966K, committed 82432K, reserved 1179648K
  class space    used 8348K, committed 8960K, reserved 1048576K
}
Event: 12548.040 GC heap before
{Heap before GC invocations=385 (full 4):
 PSYoungGen      total 3584K, used 3142K [0x00000000eab00000, 0x00000000eaf80000, 0x0000000100000000)
  eden space 3072K, 98% used [0x00000000eab00000,0x00000000eadf19f0,0x00000000eae00000)
  from space 512K, 25% used [0x00000000eaf00000,0x00000000eaf20000,0x00000000eaf80000)
  to   space 512K, 0% used [0x00000000eae80000,0x00000000eae80000,0x00000000eaf00000)
 ParOldGen       total 160256K, used 146209K [0x00000000c0000000, 0x00000000c9c80000, 0x00000000eab00000)
  object space 160256K, 91% used [0x00000000c0000000,0x00000000c8ec8538,0x00000000c9c80000)
 Metaspace       used 80967K, committed 82432K, reserved 1179648K
  class space    used 8348K, committed 8960K, reserved 1048576K
}
Event: 12548.041 GC heap after
{Heap after GC invocations=385 (full 4):
 PSYoungGen      total 3584K, used 224K [0x00000000eab00000, 0x00000000eaf80000, 0x0000000100000000)
  eden space 3072K, 0% used [0x00000000eab00000,0x00000000eab00000,0x00000000eae00000)
  from space 512K, 43% used [0x00000000eae80000,0x00000000eaeb8000,0x00000000eaf00000)
  to   space 512K, 0% used [0x00000000eaf00000,0x00000000eaf00000,0x00000000eaf80000)
 ParOldGen       total 160256K, used 146265K [0x00000000c0000000, 0x00000000c9c80000, 0x00000000eab00000)
  object space 160256K, 91% used [0x00000000c0000000,0x00000000c8ed6538,0x00000000c9c80000)
 Metaspace       used 80967K, committed 82432K, reserved 1179648K
  class space    used 8348K, committed 8960K, reserved 1048576K
}

